<?xml version="1.0" encoding="UTF-8"?>
<!-- Generated by org.testng.reporters.JUnitReportReporter -->
<testsuite hostname="DESKTOP-V3TS40K" failures="0" tests="1" name="tests.HomepageTest" time="24.413" errors="0" timestamp="2022-03-26T16:55:03 CET" skipped="0">
  <testcase classname="tests.HomepageTest" name="resetPass" time="24.413"/>
  <system-out/>
</testsuite> <!-- tests.HomepageTest -->
