<?xml version="1.0" encoding="UTF-8"?>
<!-- Generated by org.testng.reporters.JUnitReportReporter -->
<testsuite hostname="DESKTOP-V3TS40K" failures="0" tests="1" name="tests.ValidateNavBarTest" time="33.983" errors="0" timestamp="2022-04-02T15:09:27 CEST" skipped="0">
  <testcase classname="tests.ValidateNavBarTest" name="titleAssert" time="33.983"/>
  <system-out/>
</testsuite> <!-- tests.ValidateNavBarTest -->
