<?xml version="1.0" encoding="UTF-8"?>
<!-- Generated by org.testng.reporters.JUnitReportReporter -->
<testsuite hostname="DESKTOP-V3TS40K" failures="0" tests="1" name="tests.ForgetPasswordTest" time="30.458" errors="0" timestamp="2022-04-02T15:09:27 CEST" skipped="0">
  <testcase classname="tests.ForgetPasswordTest" name="resetPass" time="30.458"/>
  <system-out/>
</testsuite> <!-- tests.ForgetPasswordTest -->
