<?xml version="1.0" encoding="UTF-8"?>
<!-- Generated by org.testng.reporters.JUnitReportReporter -->
<testsuite hostname="DESKTOP-V3TS40K" failures="0" tests="1" name="tests.DummyTest" time="0.047" errors="0" timestamp="2022-03-27T23:54:43 CEST" skipped="0">
  <testcase classname="tests.DummyTest" name="printDate" time="0.047"/>
  <system-out/>
</testsuite> <!-- tests.DummyTest -->
