<?xml version="1.0" encoding="UTF-8"?>
<!-- Generated by org.testng.reporters.JUnitReportReporter -->
<testsuite hostname="DESKTOP-V3TS40K" failures="0" tests="1" name="tests.ValidateTitleTest" time="27.053" errors="0" timestamp="2022-05-22T09:05:33 CEST" skipped="0">
  <testcase classname="tests.ValidateTitleTest" name="titleAssert" time="27.053"/>
  <system-out/>
</testsuite> <!-- tests.ValidateTitleTest -->
