<?xml version="1.0" encoding="UTF-8"?>
<!-- Generated by org.testng.reporters.JUnitReportReporter -->
<testsuite hostname="DESKTOP-V3TS40K" failures="0" tests="1" name="tests.ValidateTitleTest" time="52.070" errors="0" timestamp="2022-05-20T22:04:26 CEST" skipped="0">
  <testcase classname="tests.ValidateTitleTest" name="titleAssert" time="52.070"/>
  <system-out/>
</testsuite> <!-- tests.ValidateTitleTest -->
