<?xml version="1.0" encoding="UTF-8"?>
<!-- Generated by org.testng.reporters.JUnitReportReporter -->
<testsuite hostname="DESKTOP-V3TS40K" failures="0" tests="1" name="tests.ForgetPasswordTest" time="41.665" errors="0" timestamp="2022-05-18T10:49:58 CEST" skipped="0">
  <testcase classname="tests.ForgetPasswordTest" name="resetPass" time="41.665"/>
  <system-out/>
</testsuite> <!-- tests.ForgetPasswordTest -->
