<?xml version="1.0" encoding="UTF-8"?>
<!-- Generated by org.testng.reporters.JUnitReportReporter -->
<testsuite hostname="DESKTOP-V3TS40K" failures="0" tests="1" name="tests.ForgetPasswordTest" time="29.087" errors="0" timestamp="2022-05-22T09:05:33 CEST" skipped="0">
  <testcase classname="tests.ForgetPasswordTest" name="resetPass" time="29.087"/>
  <system-out/>
</testsuite> <!-- tests.ForgetPasswordTest -->
