<?xml version="1.0" encoding="UTF-8"?>
<!-- Generated by org.testng.reporters.JUnitReportReporter -->
<testsuite hostname="DESKTOP-V3TS40K" failures="0" tests="1" name="tests.ValidateNavBarTest" time="25.909" errors="0" timestamp="2022-05-22T09:05:33 CEST" skipped="0">
  <testcase classname="tests.ValidateNavBarTest" name="titleAssert" time="25.909"/>
  <system-out/>
</testsuite> <!-- tests.ValidateNavBarTest -->
