<?xml version="1.0" encoding="UTF-8"?>
<!-- Generated by org.testng.reporters.JUnitReportReporter -->
<testsuite hostname="DESKTOP-V3TS40K" failures="0" tests="3" name="tests.HomepageTest" time="110.960" errors="0" timestamp="2022-03-26T16:10:59 CET" skipped="0">
  <testcase classname="tests.HomepageTest" name="login" time="28.377"/>
  <system-out/>
  <testcase classname="tests.HomepageTest" name="resetPass" time="51.537"/>
  <system-out/>
  <testcase classname="tests.HomepageTest" name="login" time="31.046"/>
  <system-out/>
</testsuite> <!-- tests.HomepageTest -->
