<?xml version="1.0" encoding="UTF-8"?>
<!-- Generated by org.testng.reporters.JUnitReportReporter -->
<testsuite hostname="DESKTOP-V3TS40K" failures="0" tests="1" name="tests.ForgetPasswordTest" time="68.598" errors="0" timestamp="2022-05-20T22:04:26 CEST" skipped="0">
  <testcase classname="tests.ForgetPasswordTest" name="resetPass" time="68.598"/>
  <system-out/>
</testsuite> <!-- tests.ForgetPasswordTest -->
